<?xml version="1.0" encoding="UTF-8"?>
<testsuite name="com.example.demo.SampleWebApplicationTests" tests="1" skipped="0" failures="0" errors="0" timestamp="2024-09-06T07:04:35" hostname="DESKTOP-KVKFNIV" time="0.165">
  <properties/>
  <testcase name="contextLoads()" classname="com.example.demo.SampleWebApplicationTests" time="0.165"/>
  <system-out><![CDATA[15:04:34.447 [Test worker] DEBUG org.springframework.test.context.BootstrapUtils - Instantiating CacheAwareContextLoaderDelegate from class [org.springframework.test.context.cache.DefaultCacheAwareContextLoaderDelegate]
15:04:34.457 [Test worker] DEBUG org.springframework.test.context.BootstrapUtils - Instantiating BootstrapContext using constructor [public org.springframework.test.context.support.DefaultBootstrapContext(java.lang.Class,org.springframework.test.context.CacheAwareContextLoaderDelegate)]
15:04:34.483 [Test worker] DEBUG org.springframework.test.context.BootstrapUtils - Instantiating TestContextBootstrapper for test class [com.example.demo.SampleWebApplicationTests] from class [org.springframework.boot.test.context.SpringBootTestContextBootstrapper]
15:04:34.491 [Test worker] INFO org.springframework.boot.test.context.SpringBootTestContextBootstrapper - Neither @ContextConfiguration nor @ContextHierarchy found for test class [com.example.demo.SampleWebApplicationTests], using SpringBootContextLoader
15:04:34.494 [Test worker] DEBUG org.springframework.test.context.support.AbstractContextLoader - Did not detect default resource location for test class [com.example.demo.SampleWebApplicationTests]: class path resource [com/example/demo/SampleWebApplicationTests-context.xml] does not exist
15:04:34.494 [Test worker] DEBUG org.springframework.test.context.support.AbstractContextLoader - Did not detect default resource location for test class [com.example.demo.SampleWebApplicationTests]: class path resource [com/example/demo/SampleWebApplicationTestsContext.groovy] does not exist
15:04:34.494 [Test worker] INFO org.springframework.test.context.support.AbstractContextLoader - Could not detect default resource locations for test class [com.example.demo.SampleWebApplicationTests]: no resource found for suffixes {-context.xml, Context.groovy}.
15:04:34.495 [Test worker] INFO org.springframework.test.context.support.AnnotationConfigContextLoaderUtils - Could not detect default configuration classes for test class [com.example.demo.SampleWebApplicationTests]: SampleWebApplicationTests does not declare any static, non-private, non-final, nested classes annotated with @Configuration.
15:04:34.527 [Test worker] DEBUG org.springframework.test.context.support.ActiveProfilesUtils - Could not find an 'annotation declaring class' for annotation type [org.springframework.test.context.ActiveProfiles] and class [com.example.demo.SampleWebApplicationTests]
15:04:34.581 [Test worker] DEBUG org.springframework.context.annotation.ClassPathScanningCandidateComponentProvider - Identified candidate component class: file [C:\Users\weiji\OneDrive\Desktop\Java_Gradle_Responsive_Website\build\classes\java\main\com\example\demo\SampleWebApplication.class]
15:04:34.583 [Test worker] INFO org.springframework.boot.test.context.SpringBootTestContextBootstrapper - Found @SpringBootConfiguration com.example.demo.SampleWebApplication for test class com.example.demo.SampleWebApplicationTests
15:04:34.653 [Test worker] DEBUG org.springframework.boot.test.context.SpringBootTestContextBootstrapper - @TestExecutionListeners is not present for class [com.example.demo.SampleWebApplicationTests]: using defaults.
15:04:34.653 [Test worker] INFO org.springframework.boot.test.context.SpringBootTestContextBootstrapper - Loaded default TestExecutionListener class names from location [META-INF/spring.factories]: [org.springframework.boot.test.autoconfigure.restdocs.RestDocsTestExecutionListener, org.springframework.boot.test.autoconfigure.web.client.MockRestServiceServerResetTestExecutionListener, org.springframework.boot.test.autoconfigure.web.servlet.MockMvcPrintOnlyOnFailureTestExecutionListener, org.springframework.boot.test.autoconfigure.web.servlet.WebDriverTestExecutionListener, org.springframework.boot.test.autoconfigure.webservices.client.MockWebServiceServerTestExecutionListener, org.springframework.boot.test.mock.mockito.MockitoTestExecutionListener, org.springframework.boot.test.mock.mockito.ResetMocksTestExecutionListener, org.springframework.test.context.web.ServletTestExecutionListener, org.springframework.test.context.support.DirtiesContextBeforeModesTestExecutionListener, org.springframework.test.context.event.ApplicationEventsTestExecutionListener, org.springframework.test.context.support.DependencyInjectionTestExecutionListener, org.springframework.test.context.support.DirtiesContextTestExecutionListener, org.springframework.test.context.transaction.TransactionalTestExecutionListener, org.springframework.test.context.jdbc.SqlScriptsTestExecutionListener, org.springframework.test.context.event.EventPublishingTestExecutionListener]
15:04:34.661 [Test worker] DEBUG org.springframework.boot.test.context.SpringBootTestContextBootstrapper - Skipping candidate TestExecutionListener [org.springframework.test.context.transaction.TransactionalTestExecutionListener] due to a missing dependency. Specify custom listener classes or make the default listener classes and their required dependencies available. Offending class: [org/springframework/transaction/TransactionDefinition]
15:04:34.661 [Test worker] DEBUG org.springframework.boot.test.context.SpringBootTestContextBootstrapper - Skipping candidate TestExecutionListener [org.springframework.test.context.jdbc.SqlScriptsTestExecutionListener] due to a missing dependency. Specify custom listener classes or make the default listener classes and their required dependencies available. Offending class: [org/springframework/transaction/interceptor/TransactionAttribute]
15:04:34.661 [Test worker] INFO org.springframework.boot.test.context.SpringBootTestContextBootstrapper - Using TestExecutionListeners: [org.springframework.test.context.web.ServletTestExecutionListener@7d44822b, org.springframework.test.context.support.DirtiesContextBeforeModesTestExecutionListener@e1f7f28, org.springframework.test.context.event.ApplicationEventsTestExecutionListener@2fcfb535, org.springframework.boot.test.mock.mockito.MockitoTestExecutionListener@690566ee, org.springframework.boot.test.autoconfigure.SpringBootDependencyInjectionTestExecutionListener@3009f43f, org.springframework.test.context.support.DirtiesContextTestExecutionListener@459a3b29, org.springframework.test.context.event.EventPublishingTestExecutionListener@172e58b2, org.springframework.boot.test.autoconfigure.restdocs.RestDocsTestExecutionListener@55de7eaf, org.springframework.boot.test.autoconfigure.web.client.MockRestServiceServerResetTestExecutionListener@2a89c027, org.springframework.boot.test.autoconfigure.web.servlet.MockMvcPrintOnlyOnFailureTestExecutionListener@3edef52c, org.springframework.boot.test.autoconfigure.web.servlet.WebDriverTestExecutionListener@5b50d18d, org.springframework.boot.test.autoconfigure.webservices.client.MockWebServiceServerTestExecutionListener@7d5df74e, org.springframework.boot.test.mock.mockito.ResetMocksTestExecutionListener@19b1883a]
15:04:34.665 [Test worker] DEBUG org.springframework.test.context.support.AbstractDirtiesContextTestExecutionListener - Before test class: context [DefaultTestContext@42ae2da5 testClass = SampleWebApplicationTests, testInstance = [null], testMethod = [null], testException = [null], mergedContextConfiguration = [WebMergedContextConfiguration@64a36a7c testClass = SampleWebApplicationTests, locations = '{}', classes = '{class com.example.demo.SampleWebApplication}', contextInitializerClasses = '[]', activeProfiles = '{}', propertySourceLocations = '{}', propertySourceProperties = '{org.springframework.boot.test.context.SpringBootTestContextBootstrapper=true}', contextCustomizers = set[org.springframework.boot.test.autoconfigure.actuate.metrics.MetricsExportContextCustomizerFactory$DisableMetricExportContextCustomizer@30e3ce40, org.springframework.boot.test.autoconfigure.properties.PropertyMappingContextCustomizer@0, org.springframework.boot.test.autoconfigure.web.servlet.WebDriverContextCustomizerFactory$Customizer@6280f4b9, org.springframework.boot.test.context.filter.ExcludeFilterContextCustomizer@60a72267, org.springframework.boot.test.json.DuplicateJsonObjectContextCustomizerFactory$DuplicateJsonObjectContextCustomizer@30f349a1, org.springframework.boot.test.mock.mockito.MockitoContextCustomizer@0, org.springframework.boot.test.web.client.TestRestTemplateContextCustomizer@15111e36, org.springframework.boot.test.context.SpringBootTestArgs@1, org.springframework.boot.test.context.SpringBootTestWebEnvironment@726204a6], resourceBasePath = 'src/main/webapp', contextLoader = 'org.springframework.boot.test.context.SpringBootContextLoader', parent = [null]], attributes = map['org.springframework.test.context.web.ServletTestExecutionListener.activateListener' -> true]], class annotated with @DirtiesContext [false] with mode [null].
15:04:34.690 [Test worker] DEBUG org.springframework.test.context.support.TestPropertySourceUtils - Adding inlined properties to environment: {spring.jmx.enabled=false, org.springframework.boot.test.context.SpringBootTestContextBootstrapper=true}

  .   ____          _            __ _ _
 /\\ / ___'_ __ _ _(_)_ __  __ _ \ \ \ \
( ( )\___ | '_ | '_| | '_ \/ _` | \ \ \ \
 \\/  ___)| |_)| | | | | || (_| |  ) ) ) )
  '  |____| .__|_| |_|_| |_\__, | / / / /
 =========|_|==============|___/=/_/_/_/
 :: Spring Boot ::                (v2.5.4)

2024-09-06 15:04:34.879  INFO 21820 --- [    Test worker] c.e.demo.SampleWebApplicationTests       : Starting SampleWebApplicationTests using Java 1.8.0_401 on DESKTOP-KVKFNIV with PID 21820 (started by weiji in C:\Users\weiji\OneDrive\Desktop\Java_Gradle_Responsive_Website)
2024-09-06 15:04:34.881  INFO 21820 --- [    Test worker] c.e.demo.SampleWebApplicationTests       : No active profile set, falling back to default profiles: default
2024-09-06 15:04:35.753  INFO 21820 --- [    Test worker] o.s.b.a.w.s.WelcomePageHandlerMapping    : Adding welcome page: class path resource [public/index.html]
2024-09-06 15:04:35.834  WARN 21820 --- [    Test worker] ion$DefaultTemplateResolverConfiguration : Cannot find template location: classpath:/templates/ (please add some templates or check your Thymeleaf configuration)
2024-09-06 15:04:35.913  INFO 21820 --- [    Test worker] c.e.demo.SampleWebApplicationTests       : Started SampleWebApplicationTests in 1.218 seconds (JVM running for 2.213)
]]></system-out>
  <system-err><![CDATA[]]></system-err>
</testsuite>
